<?xml version="1.0" encoding="UTF-8"?>
<!-- Generated by org.testng.reporters.JUnitReportReporter -->
<testsuite skipped="0" hostname="LIN35005591" name="com.fafiner.test.smoke.TestLoginUS13" tests="1" failures="0" timestamp="20 Aug 2017 17:36:49 GMT" time="8.298" errors="0">
  <testcase name="testLoginErrorTC102" time="8.298" classname="com.fafiner.test.smoke.TestLoginUS13"/>
</testsuite> <!-- com.fafiner.test.smoke.TestLoginUS13 -->
